SF:lib\src\features\library\data\book_collection.dart
DA:10,0
DA:16,0
DA:21,0
DA:22,0
DA:23,0
DA:24,0
DA:28,0
DA:29,0
DA:30,0
DA:31,0
DA:32,0
DA:36,0
DA:38,0
DA:39,0
DA:40,0
DA:41,0
DA:42,0
DA:46,0
DA:47,0
DA:49,0
DA:52,0
DA:53,0
LF:22
LH:0
end_of_record
SF:lib\src\features\library\data\book_item.dart
DA:40,0
DA:42,0
DA:44,0
DA:46,0
DA:70,0
DA:73,0
DA:97,0
DA:98,0
DA:99,0
DA:100,0
DA:101,0
DA:102,0
DA:103,0
DA:104,0
DA:105,0
DA:106,0
DA:108,0
DA:109,0
DA:110,0
DA:111,0
DA:112,0
DA:113,0
DA:114,0
DA:115,0
DA:116,0
DA:117,0
DA:118,0
DA:119,0
DA:123,0
DA:125,0
DA:126,0
DA:127,0
DA:128,0
DA:129,0
DA:130,0
DA:131,0
DA:132,0
DA:133,0
DA:134,0
DA:135,0
DA:136,0
DA:137,0
DA:138,0
DA:139,0
DA:140,0
DA:141,0
DA:142,0
DA:143,0
DA:144,0
DA:145,0
DA:146,0
DA:150,0
DA:151,0
DA:152,0
DA:153,0
DA:154,0
DA:155,0
DA:156,0
DA:157,0
DA:158,0
DA:159,0
DA:160,0
DA:161,0
DA:162,0
DA:163,0
DA:164,0
DA:166,0
DA:168,0
DA:169,0
DA:170,0
DA:171,0
DA:172,0
DA:173,0
DA:174,0
DA:175,0
DA:179,0
DA:181,0
DA:182,0
DA:183,0
DA:184,0
DA:185,0
DA:186,0
DA:187,0
DA:188,0
DA:189,0
DA:190,0
DA:191,0
DA:192,0
DA:193,0
DA:194,0
DA:195,0
DA:196,0
DA:197,0
DA:198,0
DA:199,0
DA:200,0
DA:201,0
DA:202,0
DA:206,0
DA:207,0
DA:208,0
DA:209,0
DA:210,0
DA:211,0
DA:212,0
DA:213,0
DA:214,0
DA:215,0
DA:216,0
DA:217,0
DA:218,0
DA:219,0
DA:220,0
DA:221,0
DA:222,0
DA:223,0
DA:224,0
DA:225,0
DA:226,0
DA:227,0
DA:229,0
DA:233,0
DA:234,0
DA:236,0
DA:237,0
DA:239,0
DA:242,0
DA:244,0
DA:245,0
DA:246,0
DA:247,0
DA:248,0
DA:249,0
DA:250,0
DA:251,0
DA:252,0
DA:253,0
DA:254,0
DA:255,0
DA:256,0
DA:257,0
DA:258,0
DA:259,0
DA:260,0
DA:261,0
DA:262,0
DA:263,0
LF:147
LH:0
end_of_record
SF:lib\src\features\library\data\series_item.dart
DA:23,0
DA:34,0
DA:37,0
DA:48,0
DA:49,0
DA:50,0
DA:51,0
DA:52,0
DA:53,0
DA:55,0
DA:56,0
DA:57,0
DA:61,0
DA:63,0
DA:64,0
DA:65,0
DA:66,0
DA:67,0
DA:68,0
DA:69,0
DA:70,0
DA:71,0
DA:75,0
DA:77,0
DA:80,0
DA:81,0
DA:82,0
DA:83,0
DA:84,0
DA:85,0
DA:86,0
DA:87,0
DA:88,0
DA:89,0
DA:93,0
DA:94,0
DA:96,0
DA:97,0
DA:99,0
DA:102,0
DA:103,0
DA:104,0
DA:105,0
DA:106,0
DA:107,0
DA:108,0
DA:109,0
DA:110,0
LF:48
LH:0
end_of_record
SF:lib\src\service\firebase_service.dart
DA:20,3
DA:21,0
DA:22,0
DA:23,0
DA:24,0
DA:31,0
DA:35,0
DA:47,0
DA:52,0
DA:53,0
DA:54,0
DA:55,0
DA:56,0
DA:57,0
DA:58,0
DA:60,0
DA:64,0
DA:65,0
DA:66,0
DA:67,0
DA:73,0
DA:74,0
DA:77,0
DA:78,0
DA:79,0
DA:80,0
DA:81,0
DA:82,0
DA:84,0
DA:88,0
DA:89,0
DA:95,0
DA:96,0
DA:99,0
DA:100,0
DA:101,0
DA:102,0
DA:103,0
DA:104,0
DA:106,0
DA:110,0
DA:111,0
DA:117,0
DA:118,0
DA:123,0
DA:128,0
DA:130,0
DA:133,0
DA:134,0
DA:135,0
DA:137,0
DA:145,0
DA:147,0
DA:149,0
DA:153,0
DA:154,0
DA:158,0
DA:159,0
DA:160,0
DA:161,0
DA:162,0
DA:163,0
DA:164,0
DA:169,0
DA:173,0
DA:176,0
DA:177,0
DA:178,0
DA:179,0
DA:180,0
DA:182,0
DA:184,0
DA:185,0
DA:186,0
DA:192,0
DA:194,0
DA:195,0
DA:196,0
DA:197,0
DA:198,0
DA:199,0
DA:201,0
DA:203,0
DA:204,0
DA:208,0
DA:214,0
DA:218,0
DA:220,0
DA:225,0
DA:226,0
DA:230,0
DA:233,0
DA:234,0
DA:235,0
DA:236,0
DA:237,0
DA:249,0
DA:254,0
DA:256,0
DA:257,0
DA:259,0
DA:260,0
DA:263,0
DA:264,0
DA:265,0
DA:266,0
DA:267,0
DA:270,0
DA:282,0
DA:287,0
DA:289,0
DA:290,0
DA:292,0
DA:293,0
DA:296,0
DA:297,0
DA:298,0
DA:299,0
DA:300,0
DA:303,0
DA:310,0
DA:311,0
DA:319,0
DA:326,0
DA:328,0
DA:333,0
DA:334,0
DA:339,0
DA:340,0
DA:344,0
DA:345,0
DA:346,0
DA:347,0
DA:350,0
DA:357,0
DA:363,0
DA:364,0
DA:366,0
DA:369,0
DA:370,0
DA:371,0
DA:372,0
DA:375,0
DA:382,0
DA:384,0
DA:385,0
DA:386,0
DA:387,0
DA:388,0
DA:391,0
DA:398,0
DA:400,0
DA:401,0
DA:402,0
DA:403,0
DA:404,0
DA:407,0
DA:414,0
DA:416,0
DA:417,0
DA:418,0
DA:419,0
DA:420,0
DA:423,0
DA:430,0
DA:432,0
DA:433,0
DA:434,0
DA:435,0
DA:436,0
DA:439,0
LF:171
LH:1
end_of_record
SF:lib\src\service\firebase_service_auth_mixin.dart
DA:8,0
DA:14,0
DA:25,0
DA:51,0
DA:56,0
DA:61,0
DA:62,0
DA:63,0
DA:64,0
DA:65,0
DA:89,0
DA:94,0
DA:99,0
DA:100,0
DA:101,0
DA:102,0
DA:103,0
DA:104,0
DA:111,0
DA:112,0
DA:121,0
DA:122,0
DA:126,0
DA:128,0
DA:130,0
DA:131,0
DA:132,0
DA:133,0
DA:134,0
DA:135,0
DA:143,0
DA:144,0
DA:148,0
DA:156,0
DA:157,0
DA:161,0
LF:36
LH:0
end_of_record
SF:lib\src\service\firebase_service_storage_mixin.dart
DA:16,0
DA:17,0
DA:18,0
DA:19,0
DA:20,0
DA:24,0
DA:31,0
DA:42,0
DA:49,0
DA:60,0
DA:66,0
DA:75,0
DA:84,0
DA:86,0
DA:87,0
DA:88,0
DA:94,0
DA:96,0
DA:102,0
DA:103,0
DA:110,0
DA:118,0
DA:121,0
DA:122,0
DA:123,0
DA:129,0
DA:130,0
DA:131,0
DA:138,0
DA:139,0
DA:145,0
DA:146,0
DA:152,0
DA:156,0
DA:159,0
DA:160,0
DA:162,0
DA:163,0
DA:164,0
DA:169,0
DA:171,0
DA:173,0
DA:174,0
DA:175,0
DA:182,0
DA:183,0
LF:46
LH:0
end_of_record
SF:lib\src\shared\data\failure.dart
DA:2,0
DA:8,0
LF:2
LH:0
end_of_record
SF:lib\src\constants\constants.dart
DA:21,3
LF:1
LH:1
end_of_record
SF:lib\src\exceptions\app_exception.dart
DA:5,0
DA:7,0
DA:9,0
DA:12,0
LF:4
LH:0
end_of_record
SF:lib\src\features\authentication\data\user_data.dart
DA:7,1
DA:17,0
DA:20,0
DA:21,0
DA:25,0
DA:28,0
DA:29,0
DA:30,0
LF:8
LH:1
end_of_record
SF:lib\src\features\in_app_update\util\toast_utils.dart
DA:10,0
DA:15,1
DA:16,1
DA:30,0
DA:35,0
DA:43,0
DA:47,0
DA:55,1
DA:59,1
DA:67,0
DA:71,0
LF:11
LH:4
end_of_record
SF:lib\src\features\library\data\item.dart
DA:14,0
LF:1
LH:0
end_of_record
SF:lib\src\features\reader\book_reader_view.dart
DA:18,1
DA:20,0
DA:21,0
DA:25,0
DA:27,0
DA:28,0
DA:38,0
DA:39,0
DA:40,0
DA:41,0
DA:42,0
DA:45,0
DA:46,0
DA:48,0
DA:50,0
DA:51,0
DA:64,0
DA:65,0
DA:67,0
DA:69,0
DA:70,0
DA:72,0
DA:73,0
DA:75,0
DA:77,0
DA:80,0
DA:82,0
DA:86,0
DA:92,0
DA:98,0
DA:102,0
DA:105,0
DA:112,0
DA:113,0
DA:116,0
DA:117,0
DA:120,0
DA:121,0
DA:123,0
DA:124,0
DA:125,0
DA:129,0
DA:130,0
DA:132,0
DA:133,0
LF:45
LH:1
end_of_record
SF:lib\src\shared\data\file_hash.dart
DA:26,0
DA:33,0
DA:39,0
DA:40,0
DA:41,0
DA:42,0
DA:43,0
DA:47,0
DA:48,0
DA:49,0
DA:50,0
DA:51,0
DA:52,0
DA:56,0
DA:57,0
DA:58,0
DA:59,0
DA:60,0
DA:61,0
DA:65,0
DA:67,0
DA:68,0
DA:70,0
DA:71,0
DA:72,0
DA:73,0
DA:74,0
DA:75,0
DA:77,0
DA:78,0
LF:30
LH:0
end_of_record
SF:lib\src\shared\data\file_hash.g.dart
DA:13,0
DA:15,0
DA:16,0
DA:17,0
DA:19,0
DA:20,0
DA:21,0
DA:22,0
DA:23,0
DA:27,0
DA:30,0
DA:31,0
DA:32,0
DA:33,0
DA:34,0
DA:35,0
DA:36,0
DA:37,0
DA:38,0
DA:41,0
DA:42,0
DA:44,0
DA:47,0
DA:48,0
DA:49,0
LF:25
LH:0
end_of_record
SF:lib\src\features\library\presentation\series_view.dart
DA:20,1
DA:24,0
DA:27,0
DA:28,0
DA:29,0
DA:31,0
DA:32,0
DA:33,0
DA:34,0
DA:36,0
DA:38,0
DA:41,0
DA:44,0
DA:46,0
DA:47,0
DA:48,0
DA:49,0
DA:50,0
DA:56,0
DA:64,0
DA:65,0
DA:73,0
DA:80,0
DA:88,0
DA:92,0
DA:97,0
DA:99,0
DA:104,0
DA:106,0
DA:107,0
DA:108,0
DA:109,0
DA:110,0
DA:111,0
DA:113,0
DA:114,0
DA:115,0
DA:118,0
DA:119,0
DA:120,0
DA:123,0
DA:124,0
DA:125,0
DA:126,0
DA:137,0
DA:138,0
DA:139,0
DA:140,0
DA:141,0
DA:155,0
DA:158,0
DA:159,0
DA:162,0
DA:163,0
DA:165,0
DA:166,0
DA:167,0
DA:168,0
DA:169,0
DA:170,0
DA:173,0
DA:175,0
DA:176,0
DA:177,0
DA:178,0
DA:181,0
DA:183,0
DA:184,0
DA:185,0
DA:186,0
DA:188,0
DA:190,0
DA:191,0
DA:192,0
DA:194,0
DA:203,0
DA:204,0
DA:205,0
DA:211,0
DA:215,0
DA:216,0
DA:218,0
DA:219,0
DA:220,0
DA:221,0
DA:222,0
DA:223,0
DA:225,0
LF:88
LH:1
end_of_record
SF:lib\src\features\library\model\book_status_notifier.dart
DA:10,0
DA:11,0
DA:12,0
DA:14,0
DA:15,0
DA:16,0
DA:18,0
DA:20,0
DA:28,0
DA:31,0
DA:32,0
DA:39,0
DA:40,0
DA:41,0
DA:49,0
DA:50,0
DA:51,0
DA:55,0
DA:56,0
DA:60,0
DA:61,0
DA:70,0
DA:71,0
DA:77,0
DA:78,0
DA:80,0
DA:81,0
DA:84,0
DA:87,0
DA:89,0
LF:30
LH:0
end_of_record
SF:lib\src\service\storage_service.dart
DA:17,0
DA:18,0
DA:22,4
DA:23,1
DA:28,1
DA:38,0
DA:53,0
DA:55,0
DA:56,0
DA:57,0
DA:58,0
DA:59,0
DA:60,0
DA:61,0
DA:66,0
DA:67,0
DA:72,0
DA:73,0
DA:74,0
DA:77,0
DA:81,0
DA:82,0
DA:83,0
DA:86,0
DA:89,0
DA:93,0
DA:99,0
DA:100,0
DA:103,0
DA:110,0
DA:113,0
DA:116,0
DA:123,0
DA:126,0
DA:129,0
DA:137,0
DA:138,0
DA:139,0
DA:142,0
DA:145,0
DA:146,0
DA:148,0
DA:152,0
DA:155,0
DA:157,0
DA:158,0
DA:159,0
DA:160,0
DA:166,0
DA:168,0
DA:169,0
DA:170,0
DA:172,0
DA:202,0
DA:204,0
DA:207,0
DA:211,0
DA:218,0
DA:225,0
DA:226,0
DA:231,0
DA:232,0
DA:233,0
DA:240,0
DA:242,0
DA:243,0
DA:244,0
DA:245,0
DA:285,0
DA:305,0
DA:318,0
DA:322,0
DA:324,0
DA:328,0
DA:329,0
DA:331,0
DA:334,0
DA:335,0
DA:378,0
DA:379,0
DA:381,0
DA:383,0
DA:387,0
DA:389,0
DA:390,0
DA:397,0
DA:398,0
DA:399,0
DA:406,0
DA:412,0
DA:413,0
DA:415,0
DA:416,0
DA:419,0
DA:420,0
DA:421,0
DA:422,0
DA:427,0
DA:428,0
DA:429,0
DA:433,0
DA:435,0
DA:442,0
DA:443,0
DA:444,0
DA:446,0
DA:448,0
LF:107
LH:3
end_of_record
SF:lib\src\shared\controller\storage_controller.dart
DA:20,0
DA:21,0
DA:22,0
DA:25,0
DA:26,0
DA:32,0
DA:33,0
DA:34,0
DA:35,0
DA:38,0
DA:43,2
DA:44,2
DA:45,2
DA:49,1
DA:54,0
DA:55,0
DA:58,0
DA:59,0
DA:61,0
DA:64,0
DA:65,0
DA:68,0
DA:69,0
DA:70,0
DA:72,0
DA:77,0
DA:78,0
DA:80,0
DA:82,0
DA:88,0
DA:92,0
DA:96,0
DA:98,0
DA:101,0
DA:102,0
DA:105,0
DA:108,0
DA:110,0
DA:118,0
DA:119,0
DA:120,0
DA:123,0
DA:127,0
DA:128,0
DA:129,0
DA:130,0
DA:131,0
DA:132,0
DA:133,0
DA:134,0
DA:142,0
DA:144,0
DA:148,0
DA:156,0
DA:158,0
DA:159,0
DA:168,0
DA:171,0
DA:173,0
DA:176,0
DA:177,0
DA:178,0
DA:179,0
DA:185,0
DA:186,0
DA:187,0
DA:188,0
DA:189,0
DA:194,0
DA:195,0
DA:198,0
DA:201,0
DA:202,0
DA:203,0
DA:208,0
DA:210,0
DA:211,0
DA:214,0
DA:222,0
DA:223,0
DA:224,0
DA:229,0
DA:230,0
DA:235,0
DA:239,0
DA:241,0
DA:248,0
DA:249,0
DA:251,0
DA:252,0
DA:256,0
DA:257,0
DA:258,0
DA:259,0
DA:264,0
DA:265,0
DA:266,0
DA:268,0
DA:270,0
DA:274,0
DA:279,0
DA:281,0
DA:282,0
DA:284,0
DA:289,0
DA:292,0
DA:297,0
DA:302,0
DA:303,0
DA:304,0
DA:309,0
DA:313,0
DA:315,0
DA:316,0
DA:317,0
DA:320,0
DA:321,0
DA:323,0
DA:324,0
DA:325,0
DA:329,0
DA:330,0
DA:331,0
DA:332,0
DA:340,0
DA:344,0
DA:346,0
DA:349,0
DA:354,0
DA:355,0
DA:360,0
DA:361,0
DA:363,0
DA:366,0
DA:368,0
DA:369,0
DA:370,0
DA:372,0
DA:373,0
DA:375,0
DA:376,0
DA:378,0
DA:384,0
DA:386,0
DA:388,0
DA:391,0
DA:392,0
DA:394,0
DA:397,0
LF:149
LH:4
end_of_record
SF:lib\src\features\library\presentation\library_view_controller.dart
DA:19,0
DA:20,0
DA:22,0
DA:23,0
DA:26,2
DA:27,1
DA:28,1
DA:29,2
DA:30,2
DA:31,2
DA:32,2
DA:33,2
DA:35,1
DA:36,1
DA:37,1
DA:38,1
DA:42,2
DA:47,1
DA:48,1
DA:53,0
DA:54,0
DA:55,0
DA:56,0
DA:61,0
DA:62,0
DA:65,0
DA:66,0
DA:67,0
DA:70,0
DA:71,0
DA:72,0
DA:73,0
DA:76,0
DA:77,0
DA:80,0
DA:81,0
DA:89,0
DA:92,0
DA:93,0
DA:94,0
DA:95,0
DA:96,0
DA:103,0
DA:104,0
DA:114,0
DA:119,0
DA:120,0
DA:121,0
DA:128,0
DA:130,0
DA:133,0
DA:138,0
DA:139,0
DA:140,0
DA:141,0
DA:142,0
DA:143,0
DA:144,0
DA:151,0
DA:153,0
DA:155,0
DA:162,0
DA:163,0
DA:167,0
DA:168,0
DA:171,0
DA:174,0
DA:175,0
DA:176,0
DA:180,0
DA:181,0
DA:185,0
DA:186,0
DA:188,0
DA:190,0
DA:191,0
DA:192,0
DA:197,0
DA:198,0
DA:202,0
DA:204,0
DA:205,0
DA:206,0
DA:211,0
DA:212,0
DA:213,0
DA:214,0
DA:215,0
DA:216,0
DA:220,0
DA:221,0
DA:223,0
DA:226,0
DA:229,0
DA:230,0
DA:231,0
DA:232,0
DA:235,0
DA:236,0
DA:239,0
DA:244,0
DA:246,0
DA:247,0
DA:252,0
DA:255,0
DA:258,0
DA:260,0
DA:261,0
DA:262,0
DA:263,0
DA:264,0
DA:265,0
DA:269,0
DA:272,0
DA:273,0
DA:274,0
DA:275,0
DA:278,0
DA:279,0
DA:280,0
DA:281,0
DA:282,0
DA:283,0
DA:307,0
DA:310,0
DA:312,3
DA:314,3
DA:316,1
DA:326,0
DA:334,0
DA:335,0
DA:336,0
DA:337,0
DA:338,0
DA:339,0
DA:340,0
DA:344,0
DA:345,0
DA:346,0
DA:347,0
DA:348,0
DA:350,0
DA:351,0
DA:352,0
DA:358,0
DA:359,0
DA:362,0
DA:363,0
DA:365,0
DA:368,0
DA:372,0
DA:374,0
DA:377,0
DA:382,0
DA:384,0
DA:385,0
DA:386,0
DA:387,0
DA:389,0
DA:390,0
DA:391,0
LF:161
LH:18
end_of_record
SF:lib\src\model\queue_model.dart
DA:13,3
DA:14,1
DA:15,2
DA:16,1
DA:17,1
DA:18,1
DA:21,1
DA:23,0
DA:24,0
DA:26,0
DA:27,0
DA:28,0
DA:43,1
DA:47,1
DA:61,0
DA:62,0
DA:63,0
DA:64,0
DA:65,0
DA:66,0
DA:67,0
DA:71,0
DA:75,0
DA:77,0
DA:79,0
DA:80,0
DA:81,0
DA:82,0
DA:86,0
DA:87,0
DA:88,0
DA:91,0
DA:93,0
DA:94,0
DA:105,1
DA:107,0
DA:111,0
DA:112,0
DA:113,0
LF:39
LH:10
end_of_record
SF:lib\src\model\user_model.dart
DA:8,2
DA:9,2
DA:10,2
DA:11,2
DA:13,2
DA:17,2
DA:22,0
DA:23,0
DA:25,0
DA:28,0
DA:29,0
DA:32,0
DA:33,0
DA:35,0
DA:37,0
LF:15
LH:6
end_of_record
SF:lib\src\shared\controller\firebase_controller.dart
DA:23,2
DA:24,1
DA:25,0
DA:27,0
DA:29,0
DA:35,3
DA:36,0
DA:37,0
DA:39,0
DA:45,2
DA:46,2
DA:47,2
DA:50,1
DA:51,0
DA:53,1
DA:57,4
DA:58,2
DA:61,1
DA:62,0
DA:64,1
DA:68,2
DA:69,2
DA:70,2
DA:73,1
DA:74,0
DA:76,1
DA:79,2
DA:80,2
DA:81,2
DA:82,2
DA:83,1
DA:90,1
DA:105,0
DA:113,0
DA:114,0
DA:126,0
DA:158,0
DA:164,0
DA:165,0
DA:166,0
DA:167,0
DA:168,0
DA:169,0
DA:172,0
DA:176,0
DA:178,0
DA:179,0
DA:181,0
DA:183,0
DA:184,0
DA:215,0
DA:222,0
DA:223,0
DA:224,0
DA:225,0
DA:226,0
DA:227,0
DA:230,0
DA:234,0
DA:236,0
DA:237,0
DA:239,0
DA:244,0
DA:246,0
DA:247,0
DA:255,0
DA:256,0
DA:260,0
DA:261,0
DA:268,0
DA:269,0
DA:276,0
DA:277,0
DA:281,3
DA:282,1
DA:283,2
DA:284,0
DA:285,0
DA:288,0
DA:292,0
DA:299,0
DA:300,0
DA:303,0
DA:307,0
DA:313,0
DA:314,0
DA:317,0
DA:323,0
DA:326,0
DA:327,0
DA:332,0
DA:338,0
DA:341,0
DA:342,0
DA:347,0
DA:348,0
DA:352,0
DA:354,0
DA:360,0
DA:365,0
DA:366,0
DA:367,0
DA:368,0
DA:371,0
DA:372,0
DA:373,0
DA:378,0
DA:379,0
DA:380,0
DA:381,0
DA:384,0
DA:388,0
DA:397,0
DA:398,0
DA:402,0
DA:403,0
DA:404,0
DA:408,0
DA:409,0
DA:415,0
DA:416,0
DA:421,0
DA:422,0
DA:423,0
DA:424,0
DA:427,0
DA:434,0
DA:440,0
DA:441,0
DA:442,0
DA:443,0
DA:447,0
DA:448,0
DA:449,0
DA:450,0
DA:453,0
DA:460,0
DA:467,0
DA:473,0
DA:474,0
DA:475,0
DA:476,0
DA:479,0
DA:488,0
DA:492,0
DA:493,0
DA:496,0
DA:497,0
DA:498,0
DA:501,0
DA:502,0
DA:503,0
DA:504,0
DA:507,0
DA:511,0
DA:512,0
DA:518,0
DA:521,0
DA:525,0
DA:527,0
DA:528,0
DA:529,0
DA:536,0
DA:537,0
DA:541,0
DA:542,0
DA:544,0
DA:546,0
DA:553,0
DA:557,0
DA:558,0
DA:559,0
DA:561,0
DA:563,0
DA:564,0
DA:565,0
DA:567,0
DA:568,0
DA:569,0
DA:570,0
DA:574,0
DA:576,0
DA:577,0
DA:584,0
DA:585,0
DA:588,0
DA:590,0
DA:591,0
DA:592,0
DA:595,0
DA:596,0
DA:597,0
DA:598,0
DA:610,0
DA:615,0
DA:616,0
DA:617,0
DA:618,0
DA:619,0
DA:620,0
DA:623,0
DA:624,0
DA:625,0
DA:626,0
DA:629,0
DA:634,0
DA:639,0
DA:641,0
DA:642,0
DA:644,0
DA:645,0
DA:646,0
DA:649,0
DA:650,0
DA:651,0
DA:656,0
DA:657,0
DA:658,0
DA:659,0
DA:660,0
DA:663,0
LF:221
LH:26
end_of_record
SF:lib\src\features\library\presentation\widgets\item_list_tile_widget.dart
DA:17,0
DA:21,0
DA:26,0
DA:28,0
DA:30,0
DA:32,0
DA:35,0
DA:36,0
DA:37,0
DA:38,0
DA:41,0
DA:42,0
DA:43,0
DA:47,0
DA:48,0
DA:49,0
DA:50,0
DA:59,0
DA:60,0
DA:61,0
DA:63,0
DA:64,0
DA:65,0
DA:68,0
DA:70,0
DA:73,0
DA:76,0
DA:78,0
DA:87,0
DA:97,0
DA:102,0
DA:108,0
DA:110,0
DA:111,0
DA:112,0
DA:113,0
DA:114,0
DA:115,0
DA:117,0
DA:122,0
DA:127,0
DA:128,0
DA:129,0
DA:133,0
DA:134,0
DA:135,0
DA:140,0
DA:141,0
DA:142,0
DA:143,0
DA:147,0
DA:148,0
DA:149,0
DA:154,0
DA:155,0
DA:161,0
DA:162,0
DA:163,0
DA:167,0
DA:168,0
DA:169,0
DA:170,0
DA:171,0
DA:176,0
DA:177,0
DA:179,0
DA:180,0
DA:181,0
DA:183,0
DA:184,0
DA:185,0
DA:187,0
DA:189,0
DA:191,0
DA:193,0
DA:198,0
DA:199,0
DA:201,0
DA:202,0
DA:203,0
DA:205,0
DA:207,0
DA:208,0
DA:211,0
DA:212,0
DA:215,0
DA:217,0
DA:218,0
DA:224,0
DA:225,0
DA:228,0
DA:231,0
DA:232,0
DA:233,0
DA:239,0
DA:240,0
DA:243,0
DA:249,0
DA:251,0
DA:256,0
DA:257,0
DA:260,0
DA:267,0
DA:276,0
DA:286,0
DA:288,0
DA:292,0
DA:294,0
DA:295,0
DA:296,0
DA:303,0
DA:304,0
DA:305,0
DA:306,0
DA:307,0
DA:308,0
DA:310,0
DA:312,0
DA:313,0
DA:314,0
DA:315,0
DA:317,0
DA:318,0
DA:319,0
DA:321,0
DA:322,0
DA:323,0
DA:324,0
DA:325,0
DA:328,0
DA:329,0
DA:330,0
DA:331,0
DA:334,0
DA:335,0
DA:337,0
DA:338,0
DA:343,0
DA:344,0
DA:345,0
DA:346,0
DA:347,0
DA:348,0
DA:349,0
DA:351,0
DA:356,0
DA:358,0
DA:359,0
DA:360,0
DA:362,0
DA:364,0
DA:365,0
DA:366,0
DA:368,0
DA:370,0
DA:371,0
DA:372,0
DA:373,0
DA:375,0
LF:159
LH:0
end_of_record
SF:lib\src\features\library\presentation\widgets\overflow_library_appbar_popup_menu_button.dart
DA:5,1
DA:10,1
DA:16,0
DA:18,0
DA:26,0
DA:27,0
DA:28,0
DA:29,0
DA:40,0
DA:41,0
DA:44,0
DA:45,0
DA:46,0
DA:58,0
DA:59,0
DA:75,0
DA:78,0
DA:80,0
DA:82,0
DA:83,0
DA:88,0
DA:89,0
DA:90,0
DA:91,0
DA:95,0
DA:96,0
DA:97,0
DA:107,0
LF:28
LH:2
end_of_record
SF:lib\src\features\library\presentation\widgets\default_item_image.dart
DA:7,0
DA:12,0
DA:17,0
DA:19,0
DA:21,0
DA:22,0
DA:24,0
DA:26,0
DA:27,0
DA:28,0
DA:30,0
DA:32,0
DA:33,0
DA:34,0
DA:36,0
DA:37,0
DA:44,0
DA:45,0
DA:47,0
DA:49,0
DA:50,0
DA:68,0
DA:71,0
DA:74,0
DA:75,0
DA:76,0
DA:77,0
DA:81,0
DA:82,0
DA:85,0
DA:87,0
DA:88,0
LF:32
LH:0
end_of_record
SF:lib\src\features\reader\current_book.dart
DA:4,0
LF:1
LH:0
end_of_record
SF:lib\src\features\reader\book_reader_view_controller.dart
DA:7,0
DA:8,0
DA:9,0
DA:10,0
DA:11,0
DA:16,0
DA:17,0
DA:22,0
DA:26,0
DA:28,0
DA:30,0
DA:31,0
DA:32,0
DA:33,0
DA:34,0
DA:35,0
LF:16
LH:0
end_of_record
SF:lib\src\features\reader\epub_controller.dart
DA:11,0
DA:16,0
DA:24,0
DA:33,0
DA:34,0
DA:41,0
DA:43,0
DA:45,0
DA:46,0
DA:47,0
DA:50,0
DA:52,0
DA:53,0
DA:54,0
DA:55,0
DA:58,0
DA:59,0
DA:61,0
LF:18
LH:0
end_of_record
SF:lib\src\service\isolate_service.dart
DA:47,0
DA:51,0
DA:52,0
DA:57,0
DA:61,0
DA:64,0
DA:67,0
DA:71,0
DA:74,0
DA:112,0
DA:116,0
DA:117,0
DA:122,0
DA:126,0
DA:128,0
DA:130,0
DA:133,0
DA:140,0
DA:142,0
DA:145,0
DA:181,0
DA:185,0
DA:186,0
DA:191,0
DA:195,0
DA:197,0
DA:200,0
DA:203,0
DA:205,0
DA:208,0
DA:246,0
DA:250,0
DA:251,0
DA:256,0
DA:260,0
DA:262,0
DA:263,0
DA:265,0
DA:268,0
DA:271,0
DA:275,0
DA:277,0
DA:280,0
DA:287,0
DA:288,0
DA:289,0
DA:293,0
DA:294,0
DA:297,0
DA:298,0
DA:301,0
DA:302,0
DA:305,0
DA:306,0
DA:309,0
DA:322,0
DA:323,0
DA:328,0
DA:329,0
DA:330,0
DA:334,0
DA:335,0
DA:338,0
DA:339,0
DA:343,0
DA:345,0
DA:346,0
DA:351,0
DA:360,0
DA:368,0
DA:369,0
DA:374,0
DA:375,0
DA:376,0
DA:380,0
DA:381,0
DA:384,0
DA:385,0
DA:387,0
DA:388,0
DA:393,0
DA:402,0
DA:403,0
LF:83
LH:0
end_of_record
SF:lib\src\shared\controller\epub_parse_controller.dart
DA:14,0
DA:15,0
DA:20,0
DA:34,0
DA:41,0
DA:43,0
DA:44,0
DA:46,0
DA:48,0
DA:49,0
DA:52,0
DA:54,0
DA:56,0
DA:61,0
DA:65,0
DA:70,0
DA:71,0
DA:74,0
DA:75,0
DA:78,0
DA:79,0
DA:82,0
DA:83,0
DA:88,0
DA:89,0
DA:92,0
DA:94,0
DA:95,0
DA:101,0
DA:102,0
DA:105,0
DA:108,0
DA:109,0
DA:115,0
DA:120,0
DA:121,0
DA:127,0
DA:128,0
DA:129,0
DA:130,0
DA:134,0
DA:143,0
DA:144,0
DA:146,0
DA:152,0
DA:156,0
DA:157,0
DA:160,0
DA:162,0
DA:170,0
DA:174,0
DA:176,0
LF:52
LH:0
end_of_record
SF:lib\src\app.dart
DA:18,1
DA:20,1
DA:21,1
DA:27,1
DA:29,1
DA:30,1
DA:37,1
DA:40,1
DA:54,1
DA:55,1
DA:57,1
DA:59,1
DA:60,1
DA:63,1
DA:67,1
DA:71,1
DA:75,1
DA:83,1
DA:85,1
DA:86,1
DA:87,0
DA:88,0
DA:90,0
DA:91,0
DA:93,1
DA:95,1
LF:26
LH:22
end_of_record
SF:lib\src\features\initialization\presentation\init_widget.dart
DA:12,3
DA:13,0
DA:17,0
DA:21,0
DA:22,0
DA:26,0
DA:32,1
DA:36,1
DA:43,1
DA:45,2
DA:46,1
DA:48,1
DA:49,1
DA:50,1
DA:53,1
DA:56,0
DA:58,0
DA:59,0
DA:60,0
DA:61,0
DA:62,0
DA:64,0
DA:68,0
DA:71,0
DA:74,0
DA:75,0
DA:76,0
DA:77,0
DA:78,0
DA:79,0
DA:80,0
DA:81,0
DA:82,0
DA:83,0
DA:89,0
DA:90,0
DA:91,0
DA:92,0
DA:93,0
DA:94,0
DA:95,0
DA:96,0
DA:97,0
DA:98,0
DA:104,0
DA:105,0
DA:106,0
DA:107,0
DA:108,0
DA:109,0
DA:110,0
DA:111,0
DA:112,0
DA:117,0
LF:54
LH:10
end_of_record
SF:lib\src\features\library\presentation\library_view.dart
DA:26,1
DA:30,1
DA:39,1
DA:43,1
DA:49,0
DA:51,0
DA:53,0
DA:55,0
DA:56,0
DA:58,0
DA:66,0
DA:67,0
DA:68,0
DA:69,0
DA:70,0
DA:75,0
DA:84,1
DA:86,1
DA:88,1
DA:92,1
DA:94,3
DA:96,4
DA:97,1
DA:98,1
DA:100,1
DA:102,2
DA:107,1
DA:108,1
DA:109,0
DA:110,0
DA:111,0
DA:112,0
DA:113,0
DA:114,0
DA:122,1
DA:124,3
DA:126,1
DA:129,1
DA:130,1
DA:132,1
DA:133,1
DA:134,0
DA:135,0
DA:136,0
DA:137,0
DA:139,0
DA:141,0
DA:142,0
DA:145,0
DA:146,0
DA:148,0
DA:149,0
DA:150,0
DA:151,0
DA:152,0
DA:153,0
DA:154,0
DA:155,0
DA:158,0
DA:159,0
DA:161,0
DA:162,0
DA:163,0
DA:166,0
DA:167,0
DA:175,1
DA:176,3
DA:177,0
DA:178,0
DA:179,0
DA:180,0
DA:182,0
DA:183,0
DA:184,0
DA:185,0
DA:188,0
DA:189,0
DA:191,0
DA:206,1
DA:207,0
DA:208,0
DA:209,0
DA:210,0
DA:213,0
DA:215,0
DA:216,0
DA:217,0
DA:218,0
DA:221,0
DA:223,0
DA:224,0
DA:225,0
DA:226,0
DA:228,0
DA:230,0
DA:231,0
DA:232,0
DA:235,0
DA:241,1
DA:243,2
DA:244,1
DA:246,1
DA:247,1
DA:248,0
DA:249,0
DA:253,1
DA:254,0
DA:256,0
DA:257,0
DA:260,1
DA:262,1
DA:263,1
DA:265,1
DA:266,1
DA:272,1
DA:290,1
DA:293,1
DA:297,1
DA:298,1
DA:302,1
DA:305,1
DA:306,1
DA:307,2
DA:308,1
DA:309,0
DA:310,0
DA:311,0
DA:312,0
DA:313,0
DA:315,0
DA:322,0
DA:326,0
DA:327,0
DA:329,0
DA:331,0
DA:332,0
DA:333,0
LF:137
LH:47
end_of_record
SF:lib\firebase_options.dart
DA:18,0
DA:20,0
DA:26,0
DA:27,0
DA:29,0
DA:31,0
DA:32,0
DA:38,0
LF:8
LH:0
end_of_record
SF:lib\src\features\authentication\presentation\auth_checker.dart
DA:10,2
DA:12,1
DA:14,2
DA:16,1
DA:17,1
DA:19,1
DA:20,1
DA:25,0
DA:28,1
LF:9
LH:8
end_of_record
SF:lib\src\features\initialization\presentation\update_checker.dart
DA:6,1
DA:12,1
DA:19,1
DA:20,1
DA:24,1
DA:26,1
DA:29,1
DA:31,2
DA:32,0
DA:33,1
DA:34,1
DA:37,2
DA:38,2
DA:40,1
DA:41,2
LF:15
LH:14
end_of_record
SF:lib\src\features\profile\change_password_view.dart
DA:7,1
DA:10,0
LF:2
LH:1
end_of_record
SF:lib\src\features\profile\edit_profile_view.dart
DA:13,1
DA:17,0
DA:19,0
DA:20,0
DA:21,0
DA:23,0
DA:24,0
DA:25,0
DA:26,0
DA:28,0
DA:31,0
DA:34,0
DA:35,0
DA:36,0
DA:39,0
DA:47,0
DA:49,0
DA:50,0
DA:53,0
DA:62,0
DA:71,1
DA:73,0
DA:74,0
DA:78,0
DA:80,0
DA:81,0
DA:82,0
DA:83,0
DA:84,0
DA:85,0
DA:86,0
DA:90,0
DA:92,0
DA:93,0
DA:97,0
DA:99,0
DA:101,0
DA:102,0
DA:103,0
DA:104,0
DA:105,0
LF:41
LH:2
end_of_record
SF:lib\src\features\profile\profile_view.dart
DA:14,1
DA:18,0
DA:20,0
DA:21,0
DA:24,0
DA:25,0
DA:27,0
DA:28,0
DA:31,0
DA:32,0
DA:33,0
DA:34,0
DA:47,0
DA:48,0
DA:50,0
DA:53,0
DA:54,0
DA:58,0
DA:59,0
DA:60,0
DA:61,0
DA:81,1
DA:83,0
DA:85,0
DA:87,0
DA:88,0
DA:91,0
DA:92,0
DA:96,0
DA:97,0
DA:98,0
DA:99,0
DA:101,0
DA:103,0
DA:104,0
DA:118,0
DA:119,0
DA:121,0
DA:123,0
DA:124,0
LF:40
LH:2
end_of_record
SF:lib\src\features\authentication\controller\login_view_controller.dart
DA:9,0
DA:10,0
DA:11,0
DA:16,0
DA:20,0
DA:21,0
DA:24,0
DA:25,0
DA:26,0
DA:27,0
DA:28,0
DA:31,0
DA:32,0
DA:35,0
DA:40,0
DA:44,0
DA:47,0
DA:54,0
DA:58,0
DA:74,1
DA:80,0
DA:85,0
DA:86,0
DA:87,0
DA:88,0
LF:25
LH:1
end_of_record
SF:lib\src\features\authentication\controller\register_view_controller.dart
DA:8,0
DA:9,0
DA:10,0
DA:15,0
DA:19,0
DA:25,0
DA:26,0
DA:27,0
DA:32,0
DA:41,0
DA:45,0
DA:52,0
DA:53,0
DA:54,0
DA:55,0
DA:56,0
DA:61,0
DA:64,0
DA:65,0
DA:68,0
DA:69,0
DA:70,0
DA:75,0
DA:76,0
DA:79,0
DA:81,0
DA:82,0
DA:85,0
DA:87,0
DA:88,0
LF:30
LH:0
end_of_record
SF:lib\src\features\authentication\data\register_view_data.dart
DA:16,1
DA:26,0
DA:35,0
DA:36,0
DA:37,0
DA:38,0
DA:39,0
DA:40,0
DA:41,0
DA:42,0
LF:10
LH:1
end_of_record
SF:lib\src\features\authentication\controller\reset_password_view_controller.dart
DA:8,0
DA:9,0
DA:10,0
DA:11,0
DA:16,0
DA:17,0
DA:21,0
DA:22,0
DA:25,0
DA:29,0
DA:32,0
DA:39,0
DA:41,0
DA:42,0
DA:44,0
DA:55,1
DA:59,0
DA:62,0
DA:63,0
LF:19
LH:1
end_of_record
SF:lib\src\features\authentication\presentation\login_view.dart
DA:11,0
DA:14,0
DA:16,0
DA:18,0
DA:19,0
DA:22,0
DA:24,0
DA:26,0
DA:28,0
DA:29,0
DA:30,0
DA:33,0
DA:34,0
DA:35,0
DA:44,0
DA:50,0
DA:67,1
DA:69,0
DA:71,0
DA:73,0
DA:74,0
DA:76,0
DA:83,0
DA:86,0
DA:90,0
DA:92,0
DA:93,0
DA:96,0
DA:97,0
DA:98,0
DA:99,0
DA:108,0
DA:111,0
DA:115,0
DA:117,0
DA:118,0
DA:121,0
DA:122,0
DA:125,0
DA:126,0
DA:135,1
DA:137,0
DA:139,0
DA:141,0
DA:142,0
DA:147,0
DA:148,0
DA:149,0
DA:150,0
DA:151,0
DA:152,0
DA:153,0
DA:154,0
DA:155,0
DA:156,0
DA:158,0
DA:165,1
DA:167,0
DA:169,0
DA:171,0
DA:173,0
DA:174,0
DA:176,0
DA:183,1
DA:185,0
DA:187,0
DA:189,0
DA:191,0
DA:192,0
DA:193,0
LF:70
LH:4
end_of_record
SF:lib\src\shared\widgets\async_value_widget.dart
DA:6,1
DA:12,1
DA:21,1
DA:23,2
DA:24,1
DA:25,1
DA:26,1
DA:31,1
DA:32,0
DA:33,0
DA:34,0
DA:35,0
DA:36,0
DA:37,0
DA:38,0
DA:39,0
LF:16
LH:8
end_of_record
SF:lib\src\features\authentication\presentation\register_view.dart
DA:11,0
DA:15,0
DA:17,0
DA:19,0
DA:20,0
DA:23,0
DA:25,0
DA:27,0
DA:29,0
DA:30,0
DA:31,0
DA:34,0
DA:35,0
DA:36,0
DA:41,0
DA:47,0
DA:53,0
DA:59,0
DA:62,0
DA:72,0
DA:75,0
DA:79,0
DA:81,0
DA:82,0
DA:83,0
DA:84,0
DA:85,0
DA:87,0
DA:88,0
DA:92,0
DA:93,0
DA:94,0
DA:95,0
DA:96,0
DA:97,0
DA:98,0
DA:99,0
DA:100,0
DA:102,0
DA:111,0
DA:114,0
DA:118,0
DA:120,0
DA:121,0
DA:126,0
DA:130,0
DA:133,0
DA:139,0
DA:141,0
DA:142,0
DA:151,0
DA:154,0
DA:158,0
DA:160,0
DA:161,0
DA:166,0
DA:170,0
DA:174,0
DA:180,0
DA:182,0
DA:183,0
DA:193,0
DA:196,0
DA:200,0
DA:202,0
DA:203,0
DA:207,0
DA:211,0
DA:214,0
DA:219,0
DA:220,0
DA:229,0
DA:232,0
DA:236,0
DA:238,0
DA:239,0
DA:242,0
DA:244,0
DA:245,0
DA:247,0
DA:248,0
DA:249,0
LF:82
LH:0
end_of_record
SF:lib\src\features\authentication\presentation\reset_password_view.dart
DA:8,0
DA:11,2
DA:13,0
DA:15,0
DA:16,0
DA:18,0
DA:19,0
DA:22,0
DA:24,0
DA:26,0
DA:27,0
DA:28,0
DA:31,0
DA:33,0
DA:34,0
DA:36,0
DA:37,0
DA:39,0
DA:45,0
DA:46,0
DA:48,0
DA:56,0
DA:65,0
DA:82,1
DA:84,0
DA:86,0
DA:88,0
DA:89,0
DA:90,0
DA:91,0
DA:92,0
DA:96,0
DA:97,0
DA:105,0
DA:109,0
DA:114,0
DA:116,0
DA:117,0
DA:118,0
DA:119,0
DA:120,0
DA:121,0
DA:125,0
DA:126,0
DA:127,0
DA:128,0
DA:129,0
DA:130,0
DA:131,0
DA:132,0
DA:133,0
DA:135,0
DA:137,0
DA:138,0
DA:139,0
DA:140,0
DA:142,0
DA:152,0
DA:156,0
DA:161,0
DA:163,0
DA:164,0
DA:170,0
DA:171,0
LF:64
LH:2
end_of_record
SF:lib\src\features\in_app_update\data\update_data.dart
DA:24,0
DA:61,0
DA:73,0
DA:74,0
DA:75,0
DA:76,0
DA:77,0
DA:78,0
DA:79,0
DA:80,0
DA:81,0
DA:82,0
DA:83,0
DA:87,0
DA:88,0
DA:89,0
DA:90,0
DA:91,0
DA:92,0
DA:93,0
DA:94,0
DA:95,0
DA:96,0
DA:97,0
DA:101,0
DA:103,0
DA:105,0
DA:107,0
DA:108,0
DA:109,0
DA:110,0
DA:111,0
DA:112,0
LF:33
LH:0
end_of_record
SF:lib\src\features\in_app_update\data\update_info.dart
DA:77,0
DA:91,0
DA:92,0
DA:93,0
DA:94,0
DA:95,0
DA:96,0
DA:97,0
DA:98,0
DA:99,0
DA:100,0
DA:101,0
DA:102,0
DA:103,0
DA:107,0
DA:108,0
DA:109,0
DA:110,0
DA:111,0
DA:112,0
DA:113,0
DA:114,0
DA:115,0
DA:116,0
DA:117,0
DA:118,0
DA:119,0
DA:123,0
DA:125,0
DA:127,0
DA:129,0
DA:130,0
DA:131,0
DA:132,0
DA:133,0
DA:134,0
LF:36
LH:0
end_of_record
SF:lib\src\features\in_app_update\update.dart
DA:19,0
DA:25,0
DA:33,1
DA:41,1
DA:43,0
DA:48,0
DA:53,0
DA:54,0
DA:56,0
DA:59,0
DA:61,2
LF:11
LH:3
end_of_record
SF:lib\src\features\in_app_update\update_parser.dart
DA:14,0
DA:15,0
DA:16,0
DA:22,0
DA:24,0
DA:28,0
DA:33,0
DA:35,0
DA:36,0
DA:37,0
DA:38,0
DA:39,0
DA:40,0
DA:41,0
DA:42,0
LF:15
LH:0
end_of_record
SF:lib\src\features\in_app_update\update_prompter.dart
DA:30,0
DA:38,0
DA:39,0
DA:43,0
DA:44,0
DA:48,0
DA:49,0
DA:50,0
DA:51,0
DA:54,0
DA:57,0
DA:64,0
DA:65,0
DA:66,0
DA:67,0
DA:68,0
DA:73,0
DA:80,0
DA:81,0
DA:82,0
DA:83,0
DA:84,0
DA:89,0
DA:91,0
DA:93,0
DA:94,0
DA:96,0
DA:100,0
DA:101,0
DA:102,0
DA:106,0
DA:108,0
DA:109,0
DA:110,0
DA:111,0
DA:112,0
DA:113,0
DA:114,0
DA:117,0
DA:118,0
DA:119,0
DA:120,0
DA:121,0
DA:128,0
DA:129,0
DA:130,0
DA:131,0
LF:47
LH:0
end_of_record
SF:lib\src\features\in_app_update\util\common.dart
DA:14,0
DA:16,0
DA:18,0
DA:19,0
DA:21,0
DA:22,0
DA:23,0
DA:24,0
DA:26,0
DA:33,0
DA:34,0
DA:35,0
DA:36,0
DA:37,0
DA:38,0
DA:44,0
DA:48,0
DA:49,0
DA:50,0
DA:56,0
DA:57,0
DA:58,0
DA:60,0
DA:61,0
DA:62,0
DA:68,0
DA:69,0
DA:75,0
DA:76,0
DA:82,0
DA:83,0
DA:84,0
DA:90,0
DA:91,0
DA:92,0
DA:98,0
DA:103,0
DA:109,0
DA:110,0
DA:112,0
DA:113,0
DA:115,0
DA:118,0
DA:123,0
DA:125,0
LF:45
LH:0
end_of_record
SF:lib\src\features\in_app_update\util\http_utils.dart
DA:11,0
DA:13,1
DA:15,0
DA:16,0
DA:21,0
DA:27,0
DA:28,0
DA:35,0
DA:39,0
DA:40,0
DA:41,0
DA:42,0
DA:43,0
DA:44,0
DA:45,0
DA:46,0
DA:47,0
DA:54,0
DA:55,0
DA:56,0
DA:57,0
DA:59,0
DA:60,0
DA:62,0
DA:63,0
DA:65,0
DA:66,0
DA:68,0
DA:69,0
DA:72,0
DA:77,0
DA:78,0
DA:79,0
DA:85,1
DA:88,0
DA:90,1
DA:92,0
DA:98,0
DA:103,0
DA:107,0
DA:108,0
DA:109,0
LF:42
LH:3
end_of_record
SF:lib\src\features\initialization\presentation\loading_page.dart
DA:5,1
DA:8,0
DA:12,0
DA:14,0
DA:15,0
DA:16,0
DA:19,0
DA:22,0
DA:31,0
DA:34,0
DA:38,0
DA:40,0
DA:41,0
DA:45,0
LF:14
LH:1
end_of_record
SF:lib\src\features\library\data\collection_section.dart
DA:10,0
DA:29,0
DA:31,0
DA:34,0
DA:36,0
DA:39,0
DA:41,0
LF:7
LH:0
end_of_record
SF:lib\src\features\library\presentation\widgets\add_book_button.dart
DA:5,2
DA:9,1
DA:11,1
DA:13,2
LF:4
LH:4
end_of_record
SF:lib\src\features\library\presentation\widgets\add_to_collection_button.dart
DA:8,1
DA:12,1
DA:17,0
DA:19,0
DA:20,0
DA:23,0
DA:26,0
DA:30,0
DA:31,0
DA:35,0
DA:36,0
DA:43,0
DA:44,0
DA:48,0
DA:51,0
DA:55,0
DA:57,0
DA:64,0
DA:66,0
DA:67,0
DA:68,0
DA:70,0
DA:71,0
DA:73,0
DA:74,0
DA:76,0
DA:89,0
DA:90,0
DA:98,0
DA:99,0
DA:100,0
DA:101,0
DA:105,0
DA:107,0
DA:109,0
DA:111,0
DA:112,0
DA:116,0
DA:118,0
DA:120,0
DA:121,0
DA:123,0
DA:124,0
DA:125,0
DA:130,0
DA:131,0
DA:132,0
DA:133,0
LF:48
LH:2
end_of_record
SF:lib\src\features\library\presentation\widgets\merge_to_series.dart
DA:5,0
DA:8,0
DA:10,0
DA:11,0
DA:13,0
DA:14,0
DA:22,0
DA:25,0
DA:26,0
DA:27,0
DA:28,0
DA:32,0
DA:33,0
DA:34,0
DA:35,0
LF:15
LH:0
end_of_record
SF:lib\src\features\library\presentation\widgets\profile_button.dart
DA:9,1
DA:11,0
DA:13,1
DA:15,2
DA:16,1
DA:17,1
DA:18,1
DA:19,1
DA:23,1
DA:25,0
DA:29,0
DA:33,2
DA:36,0
DA:37,0
DA:40,0
DA:41,0
DA:42,0
DA:45,0
DA:46,0
DA:53,1
DA:54,1
DA:55,0
DA:56,0
LF:23
LH:11
end_of_record
SF:lib\src\features\library\presentation\widgets\section_widget.dart
DA:19,0
DA:25,0
DA:27,0
DA:28,0
DA:33,0
DA:34,0
DA:41,0
DA:43,0
DA:44,0
DA:45,0
DA:46,0
DA:47,0
DA:48,0
DA:50,0
DA:51,0
DA:55,0
DA:57,0
DA:58,0
DA:61,0
DA:63,0
DA:64,0
DA:65,0
DA:66,0
DA:67,0
DA:71,0
DA:72,0
DA:73,0
DA:74,0
DA:75,0
DA:76,0
DA:77,0
DA:78,0
DA:80,0
DA:81,0
DA:89,0
DA:91,0
DA:94,0
DA:95,0
DA:96,0
DA:97,0
DA:99,0
DA:101,0
DA:103,0
DA:104,0
DA:110,0
DA:111,0
DA:112,0
DA:113,0
DA:117,0
DA:118,0
DA:119,0
DA:120,0
DA:122,0
DA:123,0
DA:124,0
DA:136,0
DA:138,0
DA:139,0
DA:143,0
DA:145,0
DA:165,0
DA:171,0
DA:172,0
DA:173,0
DA:174,0
DA:175,0
DA:177,0
DA:178,0
DA:183,0
DA:184,0
DA:186,0
DA:187,0
DA:188,0
DA:189,0
DA:194,0
DA:195,0
DA:196,0
DA:200,0
DA:203,0
DA:209,0
DA:210,0
DA:211,0
DA:212,0
DA:216,0
DA:217,0
DA:225,0
DA:230,0
DA:231,0
DA:232,0
DA:233,0
DA:236,0
DA:237,0
DA:240,0
DA:243,0
DA:244,0
DA:245,0
DA:246,0
LF:97
LH:0
end_of_record
SF:lib\src\localization\app.i18n.dart
DA:7,4
DA:8,1
DA:9,1
DA:26,3
DA:29,0
DA:32,0
DA:39,0
LF:7
LH:4
end_of_record
SF:lib\src\features\library\presentation\widgets\add_new_collection_button.dart
DA:5,0
DA:6,0
DA:10,0
DA:12,0
DA:14,0
DA:16,0
DA:17,0
DA:18,0
DA:20,0
DA:24,0
DA:33,1
DA:35,0
DA:37,0
DA:38,0
DA:40,0
DA:41,0
DA:49,0
DA:52,0
DA:53,0
DA:54,0
DA:55,0
DA:59,0
DA:60,0
DA:61,0
DA:62,0
LF:25
LH:1
end_of_record
SF:lib\src\features\profile\edit_profile_view_controller.dart
DA:4,0
DA:5,0
DA:6,0
DA:7,0
DA:12,0
DA:16,0
DA:17,0
DA:20,0
DA:21,0
DA:23,0
DA:24,0
DA:33,1
DA:38,0
DA:42,0
DA:43,0
DA:44,0
LF:16
LH:1
end_of_record
SF:lib\src\features\profile\widgets\profile_widget.dart
DA:8,0
DA:12,0
DA:14,0
DA:16,0
DA:18,0
DA:19,0
DA:20,0
DA:21,0
DA:24,0
DA:27,0
DA:29,0
DA:39,0
DA:43,0
DA:48,0
DA:50,0
DA:51,0
DA:53,0
DA:54,0
DA:55,0
DA:56,0
DA:76,0
DA:80,0
DA:84,0
DA:86,0
DA:87,0
DA:88,0
DA:91,0
DA:92,0
DA:106,0
DA:111,0
DA:116,0
DA:118,0
DA:119,0
DA:120,0
DA:121,0
DA:122,0
LF:36
LH:0
end_of_record
SF:lib\src\features\profile\widgets\change_password_button.dart
DA:5,1
DA:7,0
DA:9,0
DA:11,0
DA:13,0
DA:15,0
DA:16,0
DA:19,0
DA:20,0
LF:9
LH:1
end_of_record
SF:lib\src\features\profile\widgets\check_update_button.dart
DA:7,1
DA:9,0
DA:11,0
DA:13,0
DA:15,0
DA:17,0
DA:18,0
DA:21,0
DA:22,0
DA:25,0
DA:26,0
LF:11
LH:1
end_of_record
SF:lib\src\features\profile\widgets\log_out_button.dart
DA:6,1
DA:8,0
DA:10,0
DA:12,0
DA:18,0
DA:20,0
DA:21,0
DA:22,0
DA:23,0
DA:25,0
DA:27,0
DA:29,0
DA:30,0
DA:35,0
DA:36,0
DA:37,0
DA:38,0
DA:42,0
DA:43,0
DA:44,0
DA:45,0
DA:47,0
DA:49,0
LF:23
LH:1
end_of_record
SF:lib\src\features\profile\profile_view_controller.dart
DA:4,0
DA:5,0
DA:6,0
DA:11,0
DA:15,0
DA:16,0
DA:17,0
DA:18,0
LF:8
LH:0
end_of_record
